<?xml version="1.0" encoding="UTF-8"?>
<!-- Generated by org.testng.reporters.JUnitXMLReporter -->
<testsuite ignored="0" hostname="AsusLaptop" failures="0" tests="1" name="Test" time="2.473" errors="0" timestamp="2021-03-23T20:58:04 IST">
  <testcase classname="testCases.LoginClass" name="@BeforeTest beforetest" time="2.391">
    <failure type="java.lang.NullPointerException" message="Cannot invoke &amp;quot;org.openqa.selenium.WebDriver.get(String)&amp;quot; because &amp;quot;this.driver&amp;quot; is null">
      <![CDATA[java.lang.NullPointerException: Cannot invoke "org.openqa.selenium.WebDriver.get(String)" because "this.driver" is null
at testCases.LoginClass.beforetest(LoginClass.java:27)
... Removed 24 stack frames]]>
    </failure>
  </testcase> <!-- @BeforeTest beforetest -->
  <testcase classname="testCases.LoginClass" name="login" time="0.0">
    <skipped/>
  </testcase> <!-- login -->
</testsuite> <!-- Test -->
