<?xml version="1.0" encoding="UTF-8"?>
<testng-results ignored="0" total="1" passed="1" failed="0" skipped="0">
  <reporter-output>
  </reporter-output>
  <suite started-at="2021-03-24T10:39:25 IST" name="Default suite" finished-at="2021-03-24T10:39:37 IST" duration-ms="12584">
    <groups>
    </groups>
    <test started-at="2021-03-24T10:39:25 IST" name="Default test" finished-at="2021-03-24T10:39:37 IST" duration-ms="12584">
      <class name="testCases.LoginClass">
        <test-method is-config="true" signature="beforetest()[pri:0, instance:testCases.LoginClass@2e005c4b]" started-at="2021-03-24T10:39:25 IST" name="beforetest" finished-at="2021-03-24T10:39:34 IST" duration-ms="9085" status="PASS">
          <reporter-output>
          </reporter-output>
        </test-method> <!-- beforetest -->
        <test-method signature="login()[pri:0, instance:testCases.LoginClass@2e005c4b]" started-at="2021-03-24T10:39:34 IST" name="login" finished-at="2021-03-24T10:39:35 IST" duration-ms="1647" status="PASS">
          <reporter-output>
          </reporter-output>
        </test-method> <!-- login -->
        <test-method is-config="true" signature="report()[pri:0, instance:testCases.LoginClass@2e005c4b]" started-at="2021-03-24T10:39:35 IST" name="report" finished-at="2021-03-24T10:39:37 IST" duration-ms="1305" status="PASS">
          <reporter-output>
          </reporter-output>
        </test-method> <!-- report -->
        <test-method is-config="true" signature="screenshot()[pri:0, instance:testCases.LoginClass@2e005c4b]" started-at="2021-03-24T10:39:37 IST" name="screenshot" finished-at="2021-03-24T10:39:37 IST" duration-ms="463" status="PASS">
          <reporter-output>
          </reporter-output>
        </test-method> <!-- screenshot -->
      </class> <!-- testCases.LoginClass -->
    </test> <!-- Default test -->
  </suite> <!-- Default suite -->
</testng-results>
